# JRE version: OpenJDK Runtime Environment (8.0_152-b01) (build 1.8.0_152-release-1024-b01)
# Java VM: OpenJDK 64-Bit Server VM (25.152-b01 mixed mode bsd-amd64 compressed oops)
Heap:
 par new generation   total 78656K, used 58650K [0x0000000770000000, 0x0000000775550000, 0x0000000784cc0000)
  eden space 69952K,  71% used [0x0000000770000000, 0x00000007730c6810, 0x0000000774450000)
  from space 8704K, 100% used [0x0000000774cd0000, 0x0000000775550000, 0x0000000775550000)
  to   space 8704K,   0% used [0x0000000774450000, 0x0000000774450000, 0x0000000774cd0000)
 concurrent mark-sweep generation total 174784K, used 90146K [0x0000000784cc0000, 0x000000078f770000, 0x00000007c0000000)
 Metaspace       used 116296K, capacity 121366K, committed 121440K, reserved 1153024K
  class space    used 16101K, capacity 17253K, committed 17296K, reserved 1048576K
GC Heap History (10 events):
Event: 17.250 GC heap before
{Heap before GC invocations=10 (full 2):
 par new generation   total 78656K, used 77124K [0x0000000770000000, 0x0000000775550000, 0x0000000784cc0000)
  eden space 69952K, 100% used [0x0000000770000000, 0x0000000774450000, 0x0000000774450000)
  from space 8704K,  82% used [0x0000000774450000, 0x0000000774b512a8, 0x0000000774cd0000)
  to   space 8704K,   0% used [0x0000000774cd0000, 0x0000000774cd0000, 0x0000000775550000)
 concurrent mark-sweep generation total 174784K, used 75805K [0x0000000784cc0000, 0x000000078f770000, 0x00000007c0000000)
 Metaspace       used 79034K, capacity 82136K, committed 82292K, reserved 1120256K
  class space    used 10651K, capacity 11402K, committed 11412K, reserved 1048576K
Event: 17.268 GC heap after
Heap after GC invocations=11 (full 2):
 par new generation   total 78656K, used 5138K [0x0000000770000000, 0x0000000775550000, 0x0000000784cc0000)
  eden space 69952K,   0% used [0x0000000770000000, 0x0000000770000000, 0x0000000774450000)
  from space 8704K,  59% used [0x0000000774cd0000, 0x00000007751d4be0, 0x0000000775550000)
  to   space 8704K,   0% used [0x0000000774450000, 0x0000000774450000, 0x0000000774cd0000)
 concurrent mark-sweep generation total 174784K, used 79162K [0x0000000784cc0000, 0x000000078f770000, 0x00000007c0000000)
 Metaspace       used 79034K, capacity 82136K, committed 82292K, reserved 1120256K
  class space    used 10651K, capacity 11402K, committed 11412K, reserved 1048576K
}
Event: 18.319 GC heap before
{Heap before GC invocations=11 (full 2):
 par new generation   total 78656K, used 75090K [0x0000000770000000, 0x0000000775550000, 0x0000000784cc0000)
  eden space 69952K, 100% used [0x0000000770000000, 0x0000000774450000, 0x0000000774450000)
  from space 8704K,  59% used [0x0000000774cd0000, 0x00000007751d4be0, 0x0000000775550000)
  to   space 8704K,   0% used [0x0000000774450000, 0x0000000774450000, 0x0000000774cd0000)
 concurrent mark-sweep generation total 174784K, used 79162K [0x0000000784cc0000, 0x000000078f770000, 0x00000007c0000000)
 Metaspace       used 85851K, capacity 88866K, committed 89188K, reserved 1126400K
  class space    used 11740K, capacity 12470K, committed 12512K, reserved 1048576K
Event: 18.335 GC heap after
Heap after GC invocations=12 (full 2):
 par new generation   total 78656K, used 8054K [0x0000000770000000, 0x0000000775550000, 0x0000000784cc0000)
  eden space 69952K,   0% used [0x0000000770000000, 0x0000000770000000, 0x0000000774450000)
  from space 8704K,  92% used [0x0000000774450000, 0x0000000774c2da90, 0x0000000774cd0000)
  to   space 8704K,   0% used [0x0000000774cd0000, 0x0000000774cd0000, 0x0000000775550000)
 concurrent mark-sweep generation total 174784K, used 82699K [0x0000000784cc0000, 0x000000078f770000, 0x00000007c0000000)
 Metaspace       used 85851K, capacity 88866K, committed 89188K, reserved 1126400K
  class space    used 11740K, capacity 12470K, committed 12512K, reserved 1048576K
}
Event: 52.711 GC heap before
{Heap before GC invocations=12 (full 3):
 par new generation   total 78656K, used 78006K [0x0000000770000000, 0x0000000775550000, 0x0000000784cc0000)
  eden space 69952K, 100% used [0x0000000770000000, 0x0000000774450000, 0x0000000774450000)
  from space 8704K,  92% used [0x0000000774450000, 0x0000000774c2da90, 0x0000000774cd0000)
  to   space 8704K,   0% used [0x0000000774cd0000, 0x0000000774cd0000, 0x0000000775550000)
 concurrent mark-sweep generation total 174784K, used 73142K [0x0000000784cc0000, 0x000000078f770000, 0x00000007c0000000)
 Metaspace       used 88538K, capacity 91652K, committed 91896K, reserved 1128448K
  class space    used 12099K, capacity 12819K, committed 12944K, reserved 1048576K
Event: 52.731 GC heap after
Heap after GC invocations=13 (full 3):
 par new generation   total 78656K, used 4463K [0x0000000770000000, 0x0000000775550000, 0x0000000784cc0000)
  eden space 69952K,   0% used [0x0000000770000000, 0x0000000770000000, 0x0000000774450000)
  from space 8704K,  51% used [0x0000000774cd0000, 0x000000077512be30, 0x0000000775550000)
  to   space 8704K,   0% used [0x0000000774450000, 0x0000000774450000, 0x0000000774cd0000)
 concurrent mark-sweep generation total 174784K, used 76811K [0x0000000784cc0000, 0x000000078f770000, 0x00000007c0000000)
 Metaspace       used 88538K, capacity 91652K, committed 91896K, reserved 1128448K
  class space    used 12099K, capacity 12819K, committed 12944K, reserved 1048576K
}
Event: 319.103 GC heap before
{Heap before GC invocations=13 (full 3):
 par new generation   total 78656K, used 74415K [0x0000000770000000, 0x0000000775550000, 0x0000000784cc0000)
  eden space 69952K, 100% used [0x0000000770000000, 0x0000000774450000, 0x0000000774450000)
  from space 8704K,  51% used [0x0000000774cd0000, 0x000000077512be30, 0x0000000775550000)
  to   space 8704K,   0% used [0x0000000774450000, 0x0000000774450000, 0x0000000774cd0000)
 concurrent mark-sweep generation total 174784K, used 76811K [0x0000000784cc0000, 0x000000078f770000, 0x00000007c0000000)
 Metaspace       used 101513K, capacity 105548K, committed 105824K, reserved 1140736K
  class space    used 13819K, capacity 14679K, committed 14736K, reserved 1048576K
Event: 319.119 GC heap after
Heap after GC invocations=14 (full 3):
 par new generation   total 78656K, used 8704K [0x0000000770000000, 0x0000000775550000, 0x0000000784cc0000)
  eden space 69952K,   0% used [0x0000000770000000, 0x0000000770000000, 0x0000000774450000)
  from space 8704K, 100% used [0x0000000774450000, 0x0000000774cd0000, 0x0000000774cd0000)
  to   space 8704K,   0% used [0x0000000774cd0000, 0x0000000774cd0000, 0x0000000775550000)
 concurrent mark-sweep generation total 174784K, used 78057K [0x0000000784cc0000, 0x000000078f770000, 0x00000007c0000000)
 Metaspace       used 101513K, capacity 105548K, committed 105824K, reserved 1140736K
  class space    used 13819K, capacity 14679K, committed 14736K, reserved 1048576K
}
Event: 321.679 GC heap before
{Heap before GC invocations=14 (full 3):
 par new generation   total 78656K, used 78656K [0x0000000770000000, 0x0000000775550000, 0x0000000784cc0000)
  eden space 69952K, 100% used [0x0000000770000000, 0x0000000774450000, 0x0000000774450000)
  from space 8704K, 100% used [0x0000000774450000, 0x0000000774cd0000, 0x0000000774cd0000)
  to   space 8704K,   0% used [0x0000000774cd0000, 0x0000000774cd0000, 0x0000000775550000)
 concurrent mark-sweep generation total 174784K, used 78057K [0x0000000784cc0000, 0x000000078f770000, 0x00000007c0000000)
 Metaspace       used 111890K, capacity 116516K, committed 116576K, reserved 1148928K
  class space    used 15442K, capacity 16482K, committed 16528K, reserved 1048576K
Event: 321.719 GC heap after
Heap after GC invocations=15 (full 3):
 par new generation   total 78656K, used 8704K [0x0000000770000000, 0x0000000775550000, 0x0000000784cc0000)
  eden space 69952K,   0% used [0x0000000770000000, 0x0000000770000000, 0x0000000774450000)
  from space 8704K, 100% used [0x0000000774cd0000, 0x0000000775550000, 0x0000000775550000)
  to   space 8704K,   0% used [0x0000000774450000, 0x0000000774450000, 0x0000000774cd0000)
 concurrent mark-sweep generation total 174784K, used 90146K [0x0000000784cc0000, 0x000000078f770000, 0x00000007c0000000)
 Metaspace       used 111890K, capacity 116516K, committed 116576K, reserved 1148928K
  class space    used 15442K, capacity 16482K, committed 16528K, reserved 1048576K
}

